[train-v5] loading features from D:\BAH2026\cross_modal_retrieval\outputs\features.npz
[train-v5] emb shape: (9200, 2048), classes: 14, mods: {np.str_('sar'), np.str_('ms'), np.str_('optical')}
  ms: 3000 samples
  optical: 4600 samples
  sar: 1600 samples

[train-v5] === PHASE 1: HARD-NEG INFO NCE (12 epochs) ===
  P1 [epoch 01/12] loss=4.7063  lr=1.50e-03  (8.5s)
  P1 [epoch 02/12] loss=3.6968  lr=1.50e-03  (8.0s)
  P1 [epoch 03/12] loss=3.5214  lr=1.46e-03  (8.0s)
  P1 [epoch 04/12] loss=3.4409  lr=1.36e-03  (8.1s)
  P1 [epoch 05/12] loss=3.3390  lr=1.19e-03  (7.9s)
  P1 [epoch 06/12] loss=3.3128  lr=9.82e-04  (7.9s)
  P1 [epoch 07/12] loss=3.2508  lr=7.50e-04  (7.9s)
  P1 [epoch 08/12] loss=3.2187  lr=5.18e-04  (8.2s)
  P1 [epoch 09/12] loss=3.1670  lr=3.09e-04  (8.1s)
  P1 [epoch 10/12] loss=3.1620  lr=1.43e-04  (8.3s)
  P1 [epoch 11/12] loss=3.1455  lr=3.67e-05  (8.0s)
  P1 [epoch 12/12] loss=3.1358  lr=0.00e+00  (8.0s)

[train-v5] === PHASE 2: ALL LOSSES (15 epochs) ===
  P2 [epoch 01/15] loss=1.8189  lr=4.45e-04  (7.8s)
  P2 [epoch 02/15] loss=1.7848  lr=4.31e-04  (7.8s)
  P2 [epoch 03/15] loss=1.7757  lr=4.07e-04  (7.8s)
  P2 [epoch 04/15] loss=1.7683  lr=3.76e-04  (7.9s)
  P2 [epoch 05/15] loss=1.7626  lr=3.38e-04  (7.8s)
  P2 [epoch 06/15] loss=1.7595  lr=2.95e-04  (7.9s)
  P2 [epoch 07/15] loss=1.7552  lr=2.49e-04  (8.0s)
  P2 [epoch 08/15] loss=1.7472  lr=2.01e-04  (7.8s)
  P2 [epoch 09/15] loss=1.7424  lr=1.55e-04  (7.8s)
  P2 [epoch 10/15] loss=1.7385  lr=1.13e-04  (7.7s)
  P2 [epoch 11/15] loss=1.7325  lr=7.44e-05  (7.8s)
  P2 [epoch 12/15] loss=1.7284  lr=4.30e-05  (7.8s)
  P2 [epoch 13/15] loss=1.7284  lr=1.95e-05  (8.0s)
  P2 [epoch 14/15] loss=1.7259  lr=4.92e-06  (7.9s)
  P2 [epoch 15/15] loss=1.7328  lr=0.00e+00  (7.7s)

[train-v5] saved -> D:\BAH2026\cross_modal_retrieval\outputs\projector.pt  (best_loss=1.7259, total 217s)
